<?xml version="1.0" encoding="UTF-8"?>
<testsuite xmlns:xsi="http://www.w3.org/2001/XMLSchema-instance" xsi:noNamespaceSchemaLocation="https://maven.apache.org/surefire/maven-surefire-plugin/xsd/surefire-test-report-3.0.xsd" version="3.0" name="com.example.payment.TransactionControllerTest" time="6.053" tests="5" errors="0" skipped="0" failures="0">
  <properties>
[...]
</properties>
  <testcase name="shouldListAccounts" classname="com.example.payment.TransactionControllerTest" time="0.794">
    <system-out><![CDATA[20:13:25.982 [main] INFO org.springframework.test.context.support.AnnotationConfigContextLoaderUtils -- Could not detect default configuration classes for test class [com.example.payment.TransactionControllerTest]: TransactionControllerTest does not declare any static, non-private, non-final, nested classes annotated with @Configuration.
20:13:26.093 [main] INFO org.springframework.boot.test.context.SpringBootTestContextBootstrapper -- Found @SpringBootConfiguration com.example.payment.PaymentServiceApplication for test class com.example.payment.TransactionControllerTest

  .   ____          _            __ _ _
 /\\ / ___'_ __ _ _(_)_ __  __ _ \ \ \ \
( ( )\___ | '_ | '_| | '_ \/ _` | \ \ \ \
 \\/  ___)| |_)| | | | | || (_| |  ) ) ) )
  '  |____| .__|_| |_|_| |_\__, | / / / /
 =========|_|==============|___/=/_/_/_/

 :: Spring Boot ::                (v3.3.4)

2025-10-29T20:13:26.534+08:00  INFO 17664 --- [payment-service] [           main] c.e.payment.TransactionControllerTest    : Starting TransactionControllerTest using Java 21.0.6 with PID 17664 (started by harking in F:\小程序\payment-service)
2025-10-29T20:13:26.535+08:00  INFO 17664 --- [payment-service] [           main] c.e.payment.TransactionControllerTest    : The following 1 profile is active: "test"
2025-10-29T20:13:27.303+08:00  INFO 17664 --- [payment-service] [           main] .s.d.r.c.RepositoryConfigurationDelegate : Bootstrapping Spring Data JPA repositories in DEFAULT mode.
2025-10-29T20:13:27.372+08:00  INFO 17664 --- [payment-service] [           main] .s.d.r.c.RepositoryConfigurationDelegate : Finished Spring Data repository scanning in 56 ms. Found 2 JPA repository interfaces.
2025-10-29T20:13:27.806+08:00  INFO 17664 --- [payment-service] [           main] com.zaxxer.hikari.HikariDataSource       : HikariPool-1 - Starting...
2025-10-29T20:13:28.081+08:00  INFO 17664 --- [payment-service] [           main] com.zaxxer.hikari.pool.HikariPool        : HikariPool-1 - Added connection conn0: url=jdbc:h2:mem:payment user=SA
2025-10-29T20:13:28.082+08:00  INFO 17664 --- [payment-service] [           main] com.zaxxer.hikari.HikariDataSource       : HikariPool-1 - Start completed.
2025-10-29T20:13:28.425+08:00  INFO 17664 --- [payment-service] [           main] o.hibernate.jpa.internal.util.LogHelper  : HHH000204: Processing PersistenceUnitInfo [name: default]
2025-10-29T20:13:28.492+08:00  INFO 17664 --- [payment-service] [           main] org.hibernate.Version                    : HHH000412: Hibernate ORM core version 6.5.3.Final
2025-10-29T20:13:28.545+08:00  INFO 17664 --- [payment-service] [           main] o.h.c.internal.RegionFactoryInitiator    : HHH000026: Second-level cache disabled
2025-10-29T20:13:29.028+08:00  INFO 17664 --- [payment-service] [           main] o.s.o.j.p.SpringPersistenceUnitInfo      : No LoadTimeWeaver setup: ignoring JPA class transformer
2025-10-29T20:13:29.077+08:00  WARN 17664 --- [payment-service] [           main] org.hibernate.orm.deprecation            : HHH90000025: H2Dialect does not need to be specified explicitly using 'hibernate.dialect' (remove the property setting and it will be selected by default)
2025-10-29T20:13:29.792+08:00  INFO 17664 --- [payment-service] [           main] o.h.e.t.j.p.i.JtaPlatformInitiator       : HHH000489: No JTA platform available (set 'hibernate.transaction.jta.platform' to enable JTA platform integration)
2025-10-29T20:13:29.795+08:00  INFO 17664 --- [payment-service] [           main] j.LocalContainerEntityManagerFactoryBean : Initialized JPA EntityManagerFactory for persistence unit 'default'
2025-10-29T20:13:30.832+08:00  INFO 17664 --- [payment-service] [           main] o.s.b.t.m.w.SpringBootMockServletContext : Initializing Spring TestDispatcherServlet ''
2025-10-29T20:13:30.832+08:00  INFO 17664 --- [payment-service] [           main] o.s.t.web.servlet.TestDispatcherServlet  : Initializing Servlet ''
2025-10-29T20:13:30.834+08:00  INFO 17664 --- [payment-service] [           main] o.s.t.web.servlet.TestDispatcherServlet  : Completed initialization in 1 ms
2025-10-29T20:13:30.855+08:00  INFO 17664 --- [payment-service] [           main] c.e.payment.TransactionControllerTest    : Started TransactionControllerTest in 4.612 seconds (process running for 5.602)
]]></system-out>
    <system-err><![CDATA[WARNING: A Java agent has been loaded dynamically (F:\MAVENBAG\net\bytebuddy\byte-buddy-agent\1.14.19\byte-buddy-agent-1.14.19.jar)
WARNING: If a serviceability tool is in use, please run with -XX:+EnableDynamicAgentLoading to hide this warning
WARNING: If a serviceability tool is not in use, please run with -Djdk.instrument.traceUsage for more information
WARNING: Dynamic loading of agents will be disallowed by default in a future release
]]></system-err>
  </testcase>
  <testcase name="shouldReturnTransactionWhenIdExists" classname="com.example.payment.TransactionControllerTest" time="0.037"/>
  <testcase name="shouldReturn404WhenTransactionMissing" classname="com.example.payment.TransactionControllerTest" time="0.005"/>
  <testcase name="shouldRejectInvalidTransactionRequest" classname="com.example.payment.TransactionControllerTest" time="0.04"/>
  <testcase name="shouldCreateTransaction" classname="com.example.payment.TransactionControllerTest" time="0.09"/>
</testsuite>